<?xml version="1.0" encoding="UTF-8"?>
<testsuite name="com.pacemate.demo.PacemateApplicationTests" tests="1" skipped="0" failures="0" errors="0" timestamp="2021-03-15T16:09:52" hostname="LAPTOP-U8SQQUJE" time="0.248">
  <properties/>
  <testcase name="contextLoads()" classname="com.pacemate.demo.PacemateApplicationTests" time="0.248"/>
  <system-out><![CDATA[01:09:50.534 [Test worker] DEBUG org.springframework.test.context.BootstrapUtils - Instantiating CacheAwareContextLoaderDelegate from class [org.springframework.test.context.cache.DefaultCacheAwareContextLoaderDelegate]
01:09:50.547 [Test worker] DEBUG org.springframework.test.context.BootstrapUtils - Instantiating BootstrapContext using constructor [public org.springframework.test.context.support.DefaultBootstrapContext(java.lang.Class,org.springframework.test.context.CacheAwareContextLoaderDelegate)]
01:09:50.580 [Test worker] DEBUG org.springframework.test.context.BootstrapUtils - Instantiating TestContextBootstrapper for test class [com.pacemate.demo.PacemateApplicationTests] from class [org.springframework.boot.test.context.SpringBootTestContextBootstrapper]
01:09:50.590 [Test worker] INFO org.springframework.boot.test.context.SpringBootTestContextBootstrapper - Neither @ContextConfiguration nor @ContextHierarchy found for test class [com.pacemate.demo.PacemateApplicationTests], using SpringBootContextLoader
01:09:50.594 [Test worker] DEBUG org.springframework.test.context.support.AbstractContextLoader - Did not detect default resource location for test class [com.pacemate.demo.PacemateApplicationTests]: class path resource [com/pacemate/demo/PacemateApplicationTests-context.xml] does not exist
01:09:50.594 [Test worker] DEBUG org.springframework.test.context.support.AbstractContextLoader - Did not detect default resource location for test class [com.pacemate.demo.PacemateApplicationTests]: class path resource [com/pacemate/demo/PacemateApplicationTestsContext.groovy] does not exist
01:09:50.595 [Test worker] INFO org.springframework.test.context.support.AbstractContextLoader - Could not detect default resource locations for test class [com.pacemate.demo.PacemateApplicationTests]: no resource found for suffixes {-context.xml, Context.groovy}.
01:09:50.595 [Test worker] INFO org.springframework.test.context.support.AnnotationConfigContextLoaderUtils - Could not detect default configuration classes for test class [com.pacemate.demo.PacemateApplicationTests]: PacemateApplicationTests does not declare any static, non-private, non-final, nested classes annotated with @Configuration.
01:09:50.635 [Test worker] DEBUG org.springframework.test.context.support.ActiveProfilesUtils - Could not find an 'annotation declaring class' for annotation type [org.springframework.test.context.ActiveProfiles] and class [com.pacemate.demo.PacemateApplicationTests]
01:09:50.698 [Test worker] DEBUG org.springframework.context.annotation.ClassPathScanningCandidateComponentProvider - Identified candidate component class: file [D:\git_repository\pacemate\build\classes\java\main\com\pacemate\demo\PacemateApplication.class]
01:09:50.700 [Test worker] INFO org.springframework.boot.test.context.SpringBootTestContextBootstrapper - Found @SpringBootConfiguration com.pacemate.demo.PacemateApplication for test class com.pacemate.demo.PacemateApplicationTests
01:09:50.803 [Test worker] DEBUG org.springframework.boot.test.context.SpringBootTestContextBootstrapper - @TestExecutionListeners is not present for class [com.pacemate.demo.PacemateApplicationTests]: using defaults.
01:09:50.804 [Test worker] INFO org.springframework.boot.test.context.SpringBootTestContextBootstrapper - Loaded default TestExecutionListener class names from location [META-INF/spring.factories]: [org.springframework.boot.test.autoconfigure.restdocs.RestDocsTestExecutionListener, org.springframework.boot.test.autoconfigure.web.client.MockRestServiceServerResetTestExecutionListener, org.springframework.boot.test.autoconfigure.web.servlet.MockMvcPrintOnlyOnFailureTestExecutionListener, org.springframework.boot.test.autoconfigure.web.servlet.WebDriverTestExecutionListener, org.springframework.boot.test.autoconfigure.webservices.client.MockWebServiceServerTestExecutionListener, org.springframework.boot.test.mock.mockito.MockitoTestExecutionListener, org.springframework.boot.test.mock.mockito.ResetMocksTestExecutionListener, org.springframework.test.context.web.ServletTestExecutionListener, org.springframework.test.context.support.DirtiesContextBeforeModesTestExecutionListener, org.springframework.test.context.event.ApplicationEventsTestExecutionListener, org.springframework.test.context.support.DependencyInjectionTestExecutionListener, org.springframework.test.context.support.DirtiesContextTestExecutionListener, org.springframework.test.context.transaction.TransactionalTestExecutionListener, org.springframework.test.context.jdbc.SqlScriptsTestExecutionListener, org.springframework.test.context.event.EventPublishingTestExecutionListener]
01:09:50.813 [Test worker] DEBUG org.springframework.boot.test.context.SpringBootTestContextBootstrapper - Skipping candidate TestExecutionListener [org.springframework.test.context.transaction.TransactionalTestExecutionListener] due to a missing dependency. Specify custom listener classes or make the default listener classes and their required dependencies available. Offending class: [org/springframework/transaction/interceptor/TransactionAttributeSource]
01:09:50.813 [Test worker] DEBUG org.springframework.boot.test.context.SpringBootTestContextBootstrapper - Skipping candidate TestExecutionListener [org.springframework.test.context.jdbc.SqlScriptsTestExecutionListener] due to a missing dependency. Specify custom listener classes or make the default listener classes and their required dependencies available. Offending class: [org/springframework/transaction/interceptor/TransactionAttribute]
01:09:50.814 [Test worker] INFO org.springframework.boot.test.context.SpringBootTestContextBootstrapper - Using TestExecutionListeners: [org.springframework.test.context.web.ServletTestExecutionListener@5bf3164e, org.springframework.test.context.support.DirtiesContextBeforeModesTestExecutionListener@3188119b, org.springframework.test.context.event.ApplicationEventsTestExecutionListener@404a85ee, org.springframework.boot.test.mock.mockito.MockitoTestExecutionListener@2608219, org.springframework.boot.test.autoconfigure.SpringBootDependencyInjectionTestExecutionListener@41e2b57d, org.springframework.test.context.support.DirtiesContextTestExecutionListener@30177013, org.springframework.test.context.event.EventPublishingTestExecutionListener@24e6f60a, org.springframework.boot.test.autoconfigure.restdocs.RestDocsTestExecutionListener@2210c8c5, org.springframework.boot.test.autoconfigure.web.client.MockRestServiceServerResetTestExecutionListener@760dc8a7, org.springframework.boot.test.autoconfigure.web.servlet.MockMvcPrintOnlyOnFailureTestExecutionListener@7d91a99d, org.springframework.boot.test.autoconfigure.web.servlet.WebDriverTestExecutionListener@6ed44683, org.springframework.boot.test.autoconfigure.webservices.client.MockWebServiceServerTestExecutionListener@4aa6ed7c, org.springframework.boot.test.mock.mockito.ResetMocksTestExecutionListener@52764c7f]
01:09:50.817 [Test worker] DEBUG org.springframework.test.context.support.AbstractDirtiesContextTestExecutionListener - Before test class: context [DefaultTestContext@5a229e2d testClass = PacemateApplicationTests, testInstance = [null], testMethod = [null], testException = [null], mergedContextConfiguration = [WebMergedContextConfiguration@173c0149 testClass = PacemateApplicationTests, locations = '{}', classes = '{class com.pacemate.demo.PacemateApplication}', contextInitializerClasses = '[]', activeProfiles = '{}', propertySourceLocations = '{}', propertySourceProperties = '{org.springframework.boot.test.context.SpringBootTestContextBootstrapper=true}', contextCustomizers = set[org.springframework.boot.test.autoconfigure.actuate.metrics.MetricsExportContextCustomizerFactory$DisableMetricExportContextCustomizer@4431b96e, org.springframework.boot.test.autoconfigure.properties.PropertyMappingContextCustomizer@0, org.springframework.boot.test.autoconfigure.web.servlet.WebDriverContextCustomizerFactory$Customizer@2322356f, org.springframework.boot.test.context.filter.ExcludeFilterContextCustomizer@5bb6ee35, org.springframework.boot.test.json.DuplicateJsonObjectContextCustomizerFactory$DuplicateJsonObjectContextCustomizer@5f3e3f2a, org.springframework.boot.test.mock.mockito.MockitoContextCustomizer@0, org.springframework.boot.test.web.client.TestRestTemplateContextCustomizer@e76a5f8, org.springframework.boot.test.context.SpringBootTestArgs@1, org.springframework.boot.test.context.SpringBootTestWebEnvironment@722afec6], resourceBasePath = 'src/main/webapp', contextLoader = 'org.springframework.boot.test.context.SpringBootContextLoader', parent = [null]], attributes = map['org.springframework.test.context.web.ServletTestExecutionListener.activateListener' -> true]], class annotated with @DirtiesContext [false] with mode [null].
01:09:50.857 [Test worker] DEBUG org.springframework.test.context.support.TestPropertySourceUtils - Adding inlined properties to environment: {spring.jmx.enabled=false, org.springframework.boot.test.context.SpringBootTestContextBootstrapper=true}

  .   ____          _            __ _ _
 /\\ / ___'_ __ _ _(_)_ __  __ _ \ \ \ \
( ( )\___ | '_ | '_| | '_ \/ _` | \ \ \ \
 \\/  ___)| |_)| | | | | || (_| |  ) ) ) )
  '  |____| .__|_| |_|_| |_\__, | / / / /
 =========|_|==============|___/=/_/_/_/
 :: Spring Boot ::                (v2.4.3)

2021-03-16 01:09:51.092  INFO 20428 --- [    Test worker] c.p.demo.PacemateApplicationTests        : Starting PacemateApplicationTests using Java 11.0.2 on LAPTOP-U8SQQUJE with PID 20428 (started by tmdgy in D:\git_repository\pacemate)
2021-03-16 01:09:51.095  INFO 20428 --- [    Test worker] c.p.demo.PacemateApplicationTests        : No active profile set, falling back to default profiles: default
2021-03-16 01:09:52.087  INFO 20428 --- [    Test worker] o.s.s.concurrent.ThreadPoolTaskExecutor  : Initializing ExecutorService 'applicationTaskExecutor'
2021-03-16 01:09:52.167  INFO 20428 --- [    Test worker] o.s.b.a.w.s.WelcomePageHandlerMapping    : Adding welcome page: class path resource [static/index.html]
2021-03-16 01:09:52.308  INFO 20428 --- [    Test worker] c.p.demo.PacemateApplicationTests        : Started PacemateApplicationTests in 1.445 seconds (JVM running for 3.176)
Hello World
]]></system-out>
  <system-err><![CDATA[]]></system-err>
</testsuite>
