<?xml version="1.0" encoding="UTF-8"?>
<testsuite name="com.pacemate.demo.PacemateApplicationTests" tests="1" skipped="0" failures="0" errors="0" timestamp="2021-03-27T09:52:16" hostname="LAPTOP-U8SQQUJE" time="0.325">
  <properties/>
  <testcase name="contextLoads()" classname="com.pacemate.demo.PacemateApplicationTests" time="0.325"/>
  <system-out><![CDATA[18:52:12.949 [Test worker] DEBUG org.springframework.test.context.BootstrapUtils - Instantiating CacheAwareContextLoaderDelegate from class [org.springframework.test.context.cache.DefaultCacheAwareContextLoaderDelegate]
18:52:12.968 [Test worker] DEBUG org.springframework.test.context.BootstrapUtils - Instantiating BootstrapContext using constructor [public org.springframework.test.context.support.DefaultBootstrapContext(java.lang.Class,org.springframework.test.context.CacheAwareContextLoaderDelegate)]
18:52:13.014 [Test worker] DEBUG org.springframework.test.context.BootstrapUtils - Instantiating TestContextBootstrapper for test class [com.pacemate.demo.PacemateApplicationTests] from class [org.springframework.boot.test.context.SpringBootTestContextBootstrapper]
18:52:13.033 [Test worker] INFO org.springframework.boot.test.context.SpringBootTestContextBootstrapper - Neither @ContextConfiguration nor @ContextHierarchy found for test class [com.pacemate.demo.PacemateApplicationTests], using SpringBootContextLoader
18:52:13.039 [Test worker] DEBUG org.springframework.test.context.support.AbstractContextLoader - Did not detect default resource location for test class [com.pacemate.demo.PacemateApplicationTests]: class path resource [com/pacemate/demo/PacemateApplicationTests-context.xml] does not exist
18:52:13.040 [Test worker] DEBUG org.springframework.test.context.support.AbstractContextLoader - Did not detect default resource location for test class [com.pacemate.demo.PacemateApplicationTests]: class path resource [com/pacemate/demo/PacemateApplicationTestsContext.groovy] does not exist
18:52:13.042 [Test worker] INFO org.springframework.test.context.support.AbstractContextLoader - Could not detect default resource locations for test class [com.pacemate.demo.PacemateApplicationTests]: no resource found for suffixes {-context.xml, Context.groovy}.
18:52:13.043 [Test worker] INFO org.springframework.test.context.support.AnnotationConfigContextLoaderUtils - Could not detect default configuration classes for test class [com.pacemate.demo.PacemateApplicationTests]: PacemateApplicationTests does not declare any static, non-private, non-final, nested classes annotated with @Configuration.
18:52:13.114 [Test worker] DEBUG org.springframework.test.context.support.ActiveProfilesUtils - Could not find an 'annotation declaring class' for annotation type [org.springframework.test.context.ActiveProfiles] and class [com.pacemate.demo.PacemateApplicationTests]
18:52:13.198 [Test worker] DEBUG org.springframework.context.annotation.ClassPathScanningCandidateComponentProvider - Identified candidate component class: file [D:\git_repository\pacemate\build\classes\java\main\com\pacemate\demo\PacemateApplication.class]
18:52:13.200 [Test worker] INFO org.springframework.boot.test.context.SpringBootTestContextBootstrapper - Found @SpringBootConfiguration com.pacemate.demo.PacemateApplication for test class com.pacemate.demo.PacemateApplicationTests
18:52:13.335 [Test worker] DEBUG org.springframework.boot.test.context.SpringBootTestContextBootstrapper - @TestExecutionListeners is not present for class [com.pacemate.demo.PacemateApplicationTests]: using defaults.
18:52:13.336 [Test worker] INFO org.springframework.boot.test.context.SpringBootTestContextBootstrapper - Loaded default TestExecutionListener class names from location [META-INF/spring.factories]: [org.springframework.boot.test.autoconfigure.restdocs.RestDocsTestExecutionListener, org.springframework.boot.test.autoconfigure.web.client.MockRestServiceServerResetTestExecutionListener, org.springframework.boot.test.autoconfigure.web.servlet.MockMvcPrintOnlyOnFailureTestExecutionListener, org.springframework.boot.test.autoconfigure.web.servlet.WebDriverTestExecutionListener, org.springframework.boot.test.autoconfigure.webservices.client.MockWebServiceServerTestExecutionListener, org.springframework.boot.test.mock.mockito.MockitoTestExecutionListener, org.springframework.boot.test.mock.mockito.ResetMocksTestExecutionListener, org.springframework.test.context.web.ServletTestExecutionListener, org.springframework.test.context.support.DirtiesContextBeforeModesTestExecutionListener, org.springframework.test.context.event.ApplicationEventsTestExecutionListener, org.springframework.test.context.support.DependencyInjectionTestExecutionListener, org.springframework.test.context.support.DirtiesContextTestExecutionListener, org.springframework.test.context.transaction.TransactionalTestExecutionListener, org.springframework.test.context.jdbc.SqlScriptsTestExecutionListener, org.springframework.test.context.event.EventPublishingTestExecutionListener]
18:52:13.358 [Test worker] INFO org.springframework.boot.test.context.SpringBootTestContextBootstrapper - Using TestExecutionListeners: [org.springframework.test.context.web.ServletTestExecutionListener@71ce3fe2, org.springframework.test.context.support.DirtiesContextBeforeModesTestExecutionListener@115298c3, org.springframework.test.context.event.ApplicationEventsTestExecutionListener@3dd1bb2e, org.springframework.boot.test.mock.mockito.MockitoTestExecutionListener@2d98e69f, org.springframework.boot.test.autoconfigure.SpringBootDependencyInjectionTestExecutionListener@2d29ede1, org.springframework.test.context.support.DirtiesContextTestExecutionListener@2838fc07, org.springframework.test.context.transaction.TransactionalTestExecutionListener@18802ae5, org.springframework.test.context.jdbc.SqlScriptsTestExecutionListener@72469b74, org.springframework.test.context.event.EventPublishingTestExecutionListener@10623638, org.springframework.boot.test.autoconfigure.restdocs.RestDocsTestExecutionListener@7fd528f7, org.springframework.boot.test.autoconfigure.web.client.MockRestServiceServerResetTestExecutionListener@661bf2ea, org.springframework.boot.test.autoconfigure.web.servlet.MockMvcPrintOnlyOnFailureTestExecutionListener@20c05866, org.springframework.boot.test.autoconfigure.web.servlet.WebDriverTestExecutionListener@211279b0, org.springframework.boot.test.autoconfigure.webservices.client.MockWebServiceServerTestExecutionListener@77567ff5, org.springframework.boot.test.mock.mockito.ResetMocksTestExecutionListener@4e634f57]
18:52:13.363 [Test worker] DEBUG org.springframework.test.context.support.AbstractDirtiesContextTestExecutionListener - Before test class: context [DefaultTestContext@594153a6 testClass = PacemateApplicationTests, testInstance = [null], testMethod = [null], testException = [null], mergedContextConfiguration = [WebMergedContextConfiguration@3a2354d4 testClass = PacemateApplicationTests, locations = '{}', classes = '{class com.pacemate.demo.PacemateApplication}', contextInitializerClasses = '[]', activeProfiles = '{}', propertySourceLocations = '{}', propertySourceProperties = '{org.springframework.boot.test.context.SpringBootTestContextBootstrapper=true}', contextCustomizers = set[org.springframework.boot.test.autoconfigure.actuate.metrics.MetricsExportContextCustomizerFactory$DisableMetricExportContextCustomizer@4aa7f6aa, org.springframework.boot.test.autoconfigure.properties.PropertyMappingContextCustomizer@0, org.springframework.boot.test.autoconfigure.web.servlet.WebDriverContextCustomizerFactory$Customizer@2e047c40, org.springframework.boot.test.context.filter.ExcludeFilterContextCustomizer@71e8b1e8, org.springframework.boot.test.json.DuplicateJsonObjectContextCustomizerFactory$DuplicateJsonObjectContextCustomizer@40b7cac6, org.springframework.boot.test.mock.mockito.MockitoContextCustomizer@0, org.springframework.boot.test.web.client.TestRestTemplateContextCustomizer@750ab5e1, org.springframework.boot.test.context.SpringBootTestArgs@1, org.springframework.boot.test.context.SpringBootTestWebEnvironment@3650d43e], resourceBasePath = 'src/main/webapp', contextLoader = 'org.springframework.boot.test.context.SpringBootContextLoader', parent = [null]], attributes = map['org.springframework.test.context.web.ServletTestExecutionListener.activateListener' -> true]], class annotated with @DirtiesContext [false] with mode [null].
18:52:13.412 [Test worker] DEBUG org.springframework.test.context.support.TestPropertySourceUtils - Adding inlined properties to environment: {spring.jmx.enabled=false, org.springframework.boot.test.context.SpringBootTestContextBootstrapper=true}

  .   ____          _            __ _ _
 /\\ / ___'_ __ _ _(_)_ __  __ _ \ \ \ \
( ( )\___ | '_ | '_| | '_ \/ _` | \ \ \ \
 \\/  ___)| |_)| | | | | || (_| |  ) ) ) )
  '  |____| .__|_| |_|_| |_\__, | / / / /
 =========|_|==============|___/=/_/_/_/
 :: Spring Boot ::                (v2.4.3)

2021-03-27 18:52:13.758  INFO 3956 --- [    Test worker] c.p.demo.PacemateApplicationTests        : Starting PacemateApplicationTests using Java 11.0.2 on LAPTOP-U8SQQUJE with PID 3956 (started by tmdgy in D:\git_repository\pacemate)
2021-03-27 18:52:13.763  INFO 3956 --- [    Test worker] c.p.demo.PacemateApplicationTests        : No active profile set, falling back to default profiles: default
2021-03-27 18:52:15.680  INFO 3956 --- [    Test worker] o.s.s.concurrent.ThreadPoolTaskExecutor  : Initializing ExecutorService 'applicationTaskExecutor'
2021-03-27 18:52:15.786  INFO 3956 --- [    Test worker] o.s.b.a.w.s.WelcomePageHandlerMapping    : Adding welcome page: class path resource [static/index.html]
2021-03-27 18:52:16.055  INFO 3956 --- [    Test worker] c.p.demo.PacemateApplicationTests        : Started PacemateApplicationTests in 2.634 seconds (JVM running for 5.206)
3
1
1
김경철
1
false
3
1
2
김상훈
2
true
3
2
1
고성민
3
false
3
2
2
양혁재
4
false
3
2
3
김현수
5
false
3
2
4
송승효
6
false
]]></system-out>
  <system-err><![CDATA[]]></system-err>
</testsuite>
